[INFO ] 2022-12-13 13:31:35.897 [main] Landing_Page - user_is_on_the_Landing_page()
[INFO ] 2022-12-13 13:31:35.955 [main] Landing_Page - verify_that_navigation_logo_button_is_clickable()
[INFO ] 2022-12-13 15:00:07.784 [main] Landing_Page - user_is_on_the_Landing_page()
[INFO ] 2022-12-13 15:00:07.941 [main] Landing_Page - verify_that_navigation_logo_button_is_clickable()
[INFO ] 2022-12-13 15:00:07.992 [main] Landing_Page - verify_that_home_button_is_clickable_in_top_navigation_panel()
[INFO ] 2022-12-13 15:00:08.044 [main] Landing_Page - verify_that_student_button_is_clickable_in_top_navigation_panel()
[INFO ] 2022-12-13 15:00:08.084 [main] Landing_Page - verify_that_eductors_button_is_clickable_in_top_navigation_panel()
[INFO ] 2022-12-13 15:00:08.124 [main] Landing_Page - verify_that_about_us_button_is_clickable_in_top_navigation_panel()
[INFO ] 2022-12-13 16:02:03.784 [main] Landing_Page - user_is_on_the_Landing_page()
[INFO ] 2022-12-13 16:02:03.882 [main] Landing_Page - verify_that_navigation_logo_button_is_clickable()
[INFO ] 2022-12-13 16:02:03.946 [main] Landing_Page - verify_that_home_button_is_clickable_in_top_navigation_panel()
[INFO ] 2022-12-13 16:02:04.008 [main] Landing_Page - verify_that_student_button_is_clickable_in_top_navigation_panel()
[INFO ] 2022-12-13 16:02:04.069 [main] Landing_Page - verify_that_eductors_button_is_clickable_in_top_navigation_panel()
[INFO ] 2022-12-13 16:02:04.124 [main] Landing_Page - verify_that_about_us_button_is_clickable_in_top_navigation_panel()
[INFO ] 2022-12-13 16:02:04.182 [main] Landing_Page - verify_that_contact_us_button_is_clickable_in_top_navigation_panel()
[INFO ] 2022-12-13 16:02:04.236 [main] Landing_Page - verify_that_sign_up_and_take_the_quiz_button_is_clickable_in_top_navigation_panel()
[INFO ] 2022-12-13 16:02:04.275 [main] Landing_Page - verify_that_main_flag_is_clickable_in_top_navigation_panel()
[INFO ] 2022-12-13 16:02:04.486 [main] Landing_Page - verify_that_flag_into_united_kingdom_flag_is_clickable_in_top_navigation_panel()
[INFO ] 2022-12-13 16:18:54.690 [main] Landing_Page - user_is_on_the_Landing_page()
[INFO ] 2022-12-13 16:20:09.902 [main] Landing_Page - user_is_on_the_Landing_page()
[INFO ] 2022-12-13 16:20:09.971 [main] Landing_Page - verify_that_navigation_logo_button_is_clickable()
[INFO ] 2022-12-13 16:20:10.018 [main] Landing_Page - verify_that_home_button_is_clickable_in_top_navigation_panel()
[INFO ] 2022-12-13 16:20:10.060 [main] Landing_Page - verify_that_student_button_is_clickable_in_top_navigation_panel()
[INFO ] 2022-12-13 16:20:10.103 [main] Landing_Page - verify_that_eductors_button_is_clickable_in_top_navigation_panel()
[INFO ] 2022-12-13 16:20:10.142 [main] Landing_Page - verify_that_about_us_button_is_clickable_in_top_navigation_panel()
[INFO ] 2022-12-13 16:20:10.184 [main] Landing_Page - verify_that_contact_us_button_is_clickable_in_top_navigation_panel()
[INFO ] 2022-12-13 16:20:10.223 [main] Landing_Page - verify_that_sign_up_and_take_the_quiz_button_is_clickable_in_top_navigation_panel()
[INFO ] 2022-12-13 16:20:10.266 [main] Landing_Page - verify_that_main_flag_is_clickable_in_top_navigation_panel()
[INFO ] 2022-12-13 16:20:10.479 [main] Landing_Page - verify_that_flag_into_united_kingdom_flag_is_clickable_in_top_navigation_panel()
[INFO ] 2022-12-13 16:20:10.638 [main] Landing_Page - verify_that_flag_into_united_states_flag_is_clickable_in_top_navigation_panel()
[INFO ] 2022-12-13 16:20:10.765 [main] Landing_Page - verify_that_flag_into_canada_flag_is_clickable_in_top_navigation_panel()
[INFO ] 2022-12-13 16:20:10.873 [main] Landing_Page - verify_that_flag_into_india_flag_is_clickable_in_top_navigation_panel()
[INFO ] 2022-12-13 16:20:10.903 [main] Landing_Page - verify_that_sign_in_button_is_clickable_in_top_navigation_panel()
[INFO ] 2022-12-13 16:41:57.165 [main] Landing_Page - user_is_on_the_Landing_page()
[INFO ] 2022-12-13 16:41:57.233 [main] Landing_Page - verify_that_navigation_logo_button_is_clickable()
[INFO ] 2022-12-13 16:41:57.278 [main] Landing_Page - verify_that_home_button_is_clickable_in_top_navigation_panel()
[INFO ] 2022-12-13 16:41:57.328 [main] Landing_Page - verify_that_student_button_is_clickable_in_top_navigation_panel()
[INFO ] 2022-12-13 16:41:57.365 [main] Landing_Page - verify_that_eductors_button_is_clickable_in_top_navigation_panel()
[INFO ] 2022-12-13 16:41:57.403 [main] Landing_Page - verify_that_about_us_button_is_clickable_in_top_navigation_panel()
[INFO ] 2022-12-13 16:41:57.439 [main] Landing_Page - verify_that_contact_us_button_is_clickable_in_top_navigation_panel()
[INFO ] 2022-12-13 16:41:57.477 [main] Landing_Page - verify_that_sign_up_and_take_the_quiz_button_is_clickable_in_top_navigation_panel()
[INFO ] 2022-12-13 16:41:57.511 [main] Landing_Page - verify_that_main_flag_is_clickable_in_top_navigation_panel()
[INFO ] 2022-12-13 16:41:57.645 [main] Landing_Page - verify_that_flag_into_united_kingdom_flag_is_clickable_in_top_navigation_panel()
[INFO ] 2022-12-13 16:41:57.753 [main] Landing_Page - verify_that_flag_into_united_states_flag_is_clickable_in_top_navigation_panel()
[INFO ] 2022-12-13 16:41:57.843 [main] Landing_Page - verify_that_flag_into_canada_flag_is_clickable_in_top_navigation_panel()
[INFO ] 2022-12-13 16:41:57.929 [main] Landing_Page - verify_that_flag_into_india_flag_is_clickable_in_top_navigation_panel()
[INFO ] 2022-12-13 16:41:57.958 [main] Landing_Page - verify_that_sign_in_button_is_clickable_in_top_navigation_panel()
[INFO ] 2022-12-13 16:41:58.080 [main] Landing_Page - verify_that_sign_in_into_students_button_is_clickable_in_top_navigation_panel()
[INFO ] 2022-12-13 16:47:32.136 [main] Landing_Page - user_is_on_the_Landing_page()
[INFO ] 2022-12-13 16:47:32.198 [main] Landing_Page - verify_that_navigation_logo_button_is_clickable()
[INFO ] 2022-12-13 16:47:32.233 [main] Landing_Page - verify_that_home_button_is_clickable_in_top_navigation_panel()
[INFO ] 2022-12-13 16:47:32.269 [main] Landing_Page - verify_that_student_button_is_clickable_in_top_navigation_panel()
[INFO ] 2022-12-13 16:47:32.304 [main] Landing_Page - verify_that_eductors_button_is_clickable_in_top_navigation_panel()
[INFO ] 2022-12-13 16:47:32.340 [main] Landing_Page - verify_that_about_us_button_is_clickable_in_top_navigation_panel()
[INFO ] 2022-12-13 16:47:32.377 [main] Landing_Page - verify_that_contact_us_button_is_clickable_in_top_navigation_panel()
[INFO ] 2022-12-13 16:47:32.415 [main] Landing_Page - verify_that_sign_up_and_take_the_quiz_button_is_clickable_in_top_navigation_panel()
[INFO ] 2022-12-13 16:47:32.462 [main] Landing_Page - verify_that_main_flag_is_clickable_in_top_navigation_panel()
[INFO ] 2022-12-13 16:47:32.608 [main] Landing_Page - verify_that_flag_into_united_kingdom_flag_is_clickable_in_top_navigation_panel()
[INFO ] 2022-12-13 16:47:32.717 [main] Landing_Page - verify_that_flag_into_united_states_flag_is_clickable_in_top_navigation_panel()
[INFO ] 2022-12-13 16:47:32.810 [main] Landing_Page - verify_that_flag_into_canada_flag_is_clickable_in_top_navigation_panel()
[INFO ] 2022-12-13 16:47:32.895 [main] Landing_Page - verify_that_flag_into_india_flag_is_clickable_in_top_navigation_panel()
[INFO ] 2022-12-13 16:47:32.922 [main] Landing_Page - verify_that_sign_in_button_is_clickable_in_top_navigation_panel()
[INFO ] 2022-12-13 16:47:33.035 [main] Landing_Page - verify_that_sign_in_into_students_button_is_clickable_in_top_navigation_panel()
[INFO ] 2022-12-13 16:54:35.221 [main] Landing_Page - user_is_on_the_Landing_page()
[INFO ] 2022-12-13 16:54:35.314 [main] Landing_Page - verify_that_navigation_logo_button_is_clickable()
[INFO ] 2022-12-13 16:54:35.376 [main] Landing_Page - verify_that_home_button_is_clickable_in_top_navigation_panel()
[INFO ] 2022-12-13 16:54:35.441 [main] Landing_Page - verify_that_student_button_is_clickable_in_top_navigation_panel()
[INFO ] 2022-12-13 16:54:35.500 [main] Landing_Page - verify_that_eductors_button_is_clickable_in_top_navigation_panel()
[INFO ] 2022-12-13 16:54:35.571 [main] Landing_Page - verify_that_about_us_button_is_clickable_in_top_navigation_panel()
[INFO ] 2022-12-13 16:54:35.642 [main] Landing_Page - verify_that_contact_us_button_is_clickable_in_top_navigation_panel()
[INFO ] 2022-12-13 16:54:35.712 [main] Landing_Page - verify_that_sign_up_and_take_the_quiz_button_is_clickable_in_top_navigation_panel()
[INFO ] 2022-12-13 16:54:35.777 [main] Landing_Page - verify_that_main_flag_is_clickable_in_top_navigation_panel()
[INFO ] 2022-12-13 16:54:36.028 [main] Landing_Page - verify_that_flag_into_united_kingdom_flag_is_clickable_in_top_navigation_panel()
[INFO ] 2022-12-13 16:54:36.249 [main] Landing_Page - verify_that_flag_into_united_states_flag_is_clickable_in_top_navigation_panel()
[INFO ] 2022-12-13 16:54:36.416 [main] Landing_Page - verify_that_flag_into_canada_flag_is_clickable_in_top_navigation_panel()
[INFO ] 2022-12-13 16:54:36.580 [main] Landing_Page - verify_that_flag_into_india_flag_is_clickable_in_top_navigation_panel()
[INFO ] 2022-12-13 16:54:36.634 [main] Landing_Page - verify_that_sign_in_button_is_clickable_in_top_navigation_panel()
[INFO ] 2022-12-13 16:54:36.883 [main] Landing_Page - verify_that_sign_in_into_students_button_is_clickable_in_top_navigation_panel()
[INFO ] 2022-12-13 16:54:37.075 [main] Landing_Page - verify_that_sign_in_into_school_or_consortium_button_is_clickable_in_top_navigation_panel()
[INFO ] 2022-12-13 16:54:37.262 [main] Landing_Page - verify_that_sign_in_into_employers_button_is_clickable_in_top_navigation_panel()
[INFO ] 2022-12-13 16:58:11.010 [main] Landing_Page - user_is_on_the_Landing_page()
[INFO ] 2022-12-13 16:58:11.086 [main] Landing_Page - verify_that_navigation_logo_button_is_clickable()
[INFO ] 2022-12-13 16:58:11.128 [main] Landing_Page - verify_that_home_button_is_clickable_in_top_navigation_panel()
[INFO ] 2022-12-13 16:58:11.167 [main] Landing_Page - verify_that_student_button_is_clickable_in_top_navigation_panel()
[INFO ] 2022-12-13 16:58:11.206 [main] Landing_Page - verify_that_eductors_button_is_clickable_in_top_navigation_panel()
[INFO ] 2022-12-13 16:58:11.249 [main] Landing_Page - verify_that_about_us_button_is_clickable_in_top_navigation_panel()
[INFO ] 2022-12-13 16:58:11.289 [main] Landing_Page - verify_that_contact_us_button_is_clickable_in_top_navigation_panel()
[INFO ] 2022-12-13 16:58:11.330 [main] Landing_Page - verify_that_sign_up_and_take_the_quiz_button_is_clickable_in_top_navigation_panel()
[INFO ] 2022-12-13 16:58:11.367 [main] Landing_Page - verify_that_main_flag_is_clickable_in_top_navigation_panel()
[INFO ] 2022-12-13 16:58:11.512 [main] Landing_Page - verify_that_flag_into_united_kingdom_flag_is_clickable_in_top_navigation_panel()
[INFO ] 2022-12-13 16:58:11.626 [main] Landing_Page - verify_that_flag_into_united_states_flag_is_clickable_in_top_navigation_panel()
[INFO ] 2022-12-13 16:58:11.724 [main] Landing_Page - verify_that_flag_into_canada_flag_is_clickable_in_top_navigation_panel()
[INFO ] 2022-12-13 16:58:11.815 [main] Landing_Page - verify_that_flag_into_india_flag_is_clickable_in_top_navigation_panel()
[INFO ] 2022-12-13 16:58:11.846 [main] Landing_Page - verify_that_sign_in_button_is_clickable_in_top_navigation_panel()
[INFO ] 2022-12-13 16:58:11.968 [main] Landing_Page - verify_that_sign_in_into_students_button_is_clickable_in_top_navigation_panel()
[INFO ] 2022-12-13 16:58:12.064 [main] Landing_Page - verify_that_sign_in_into_school_or_consortium_button_is_clickable_in_top_navigation_panel()
[INFO ] 2022-12-13 16:58:12.155 [main] Landing_Page - verify_that_sign_in_into_employers_button_is_clickable_in_top_navigation_panel()
[INFO ] 2022-12-13 16:58:12.246 [main] Landing_Page - verify_that_sign_in_into_college_button_is_clickable_in_top_navigation_panel()
[INFO ] 2022-12-13 17:49:40.221 [main] Landing_Page - user_is_on_the_Landing_page()
[INFO ] 2022-12-13 17:49:40.288 [main] Landing_Page - verify_that_navigation_logo_button_is_clickable()
[INFO ] 2022-12-13 17:49:40.332 [main] Landing_Page - verify_that_home_button_is_clickable_in_top_navigation_panel()
[INFO ] 2022-12-13 17:49:40.378 [main] Landing_Page - verify_that_student_button_is_clickable_in_top_navigation_panel()
[INFO ] 2022-12-13 17:49:40.423 [main] Landing_Page - verify_that_eductors_button_is_clickable_in_top_navigation_panel()
[INFO ] 2022-12-13 17:49:40.465 [main] Landing_Page - verify_that_about_us_button_is_clickable_in_top_navigation_panel()
[INFO ] 2022-12-13 17:49:40.509 [main] Landing_Page - verify_that_contact_us_button_is_clickable_in_top_navigation_panel()
[INFO ] 2022-12-13 17:49:40.557 [main] Landing_Page - verify_that_sign_up_and_take_the_quiz_button_is_clickable_in_top_navigation_panel()
[INFO ] 2022-12-13 17:49:40.599 [main] Landing_Page - verify_that_main_flag_is_clickable_in_top_navigation_panel()
[INFO ] 2022-12-13 17:49:40.777 [main] Landing_Page - verify_that_flag_into_united_kingdom_flag_is_clickable_in_top_navigation_panel()
[INFO ] 2022-12-13 17:49:40.902 [main] Landing_Page - verify_that_flag_into_united_states_flag_is_clickable_in_top_navigation_panel()
[INFO ] 2022-12-13 17:49:40.993 [main] Landing_Page - verify_that_flag_into_canada_flag_is_clickable_in_top_navigation_panel()
[INFO ] 2022-12-13 17:49:41.084 [main] Landing_Page - verify_that_flag_into_india_flag_is_clickable_in_top_navigation_panel()
[INFO ] 2022-12-13 17:49:41.113 [main] Landing_Page - verify_that_sign_in_button_is_clickable_in_top_navigation_panel()
[INFO ] 2022-12-13 17:49:41.233 [main] Landing_Page - verify_that_sign_in_into_students_button_is_clickable_in_top_navigation_panel()
[INFO ] 2022-12-13 17:49:41.332 [main] Landing_Page - verify_that_sign_in_into_school_or_consortium_button_is_clickable_in_top_navigation_panel()
[INFO ] 2022-12-13 17:49:41.427 [main] Landing_Page - verify_that_sign_in_into_employers_button_is_clickable_in_top_navigation_panel()
[INFO ] 2022-12-13 17:49:41.519 [main] Landing_Page - verify_that_sign_in_into_college_button_is_clickable_in_top_navigation_panel()
[INFO ] 2022-12-13 17:54:13.436 [main] Landing_Page - user_is_on_the_Landing_page()
[INFO ] 2022-12-13 17:54:31.023 [main] Landing_Page - verify_that_navigation_logo_button_is_clickable()
[INFO ] 2022-12-13 17:54:31.069 [main] Landing_Page - verify_that_home_button_is_clickable_in_top_navigation_panel()
[INFO ] 2022-12-13 17:54:31.114 [main] Landing_Page - verify_that_student_button_is_clickable_in_top_navigation_panel()
[INFO ] 2022-12-13 17:54:31.154 [main] Landing_Page - verify_that_eductors_button_is_clickable_in_top_navigation_panel()
[INFO ] 2022-12-13 17:54:31.194 [main] Landing_Page - verify_that_about_us_button_is_clickable_in_top_navigation_panel()
[INFO ] 2022-12-13 17:54:31.232 [main] Landing_Page - verify_that_contact_us_button_is_clickable_in_top_navigation_panel()
[INFO ] 2022-12-13 17:54:31.274 [main] Landing_Page - verify_that_sign_up_and_take_the_quiz_button_is_clickable_in_top_navigation_panel()
[INFO ] 2022-12-13 17:54:31.312 [main] Landing_Page - verify_that_main_flag_is_clickable_in_top_navigation_panel()
[INFO ] 2022-12-13 17:54:31.452 [main] Landing_Page - verify_that_flag_into_united_kingdom_flag_is_clickable_in_top_navigation_panel()
[INFO ] 2022-12-13 17:54:31.561 [main] Landing_Page - verify_that_flag_into_united_states_flag_is_clickable_in_top_navigation_panel()
[INFO ] 2022-12-13 17:54:31.655 [main] Landing_Page - verify_that_flag_into_canada_flag_is_clickable_in_top_navigation_panel()
[INFO ] 2022-12-13 17:54:31.746 [main] Landing_Page - verify_that_flag_into_india_flag_is_clickable_in_top_navigation_panel()
[INFO ] 2022-12-13 17:54:31.775 [main] Landing_Page - verify_that_sign_in_button_is_clickable_in_top_navigation_panel()
[INFO ] 2022-12-13 17:54:31.888 [main] Landing_Page - verify_that_sign_in_into_students_button_is_clickable_in_top_navigation_panel()
[INFO ] 2022-12-13 17:54:31.986 [main] Landing_Page - verify_that_sign_in_into_school_or_consortium_button_is_clickable_in_top_navigation_panel()
[INFO ] 2022-12-13 17:54:32.082 [main] Landing_Page - verify_that_sign_in_into_employers_button_is_clickable_in_top_navigation_panel()
[INFO ] 2022-12-13 17:54:32.172 [main] Landing_Page - verify_that_sign_in_into_college_button_is_clickable_in_top_navigation_panel()
[INFO ] 2022-12-13 17:58:11.613 [main] Landing_Page - user_is_on_the_Landing_page()
[INFO ] 2022-12-13 17:58:11.682 [main] Landing_Page - verify_that_navigation_logo_button_is_clickable()
[INFO ] 2022-12-13 17:58:11.724 [main] Landing_Page - verify_that_home_button_is_clickable_in_top_navigation_panel()
[INFO ] 2022-12-13 17:58:11.770 [main] Landing_Page - verify_that_student_button_is_clickable_in_top_navigation_panel()
[INFO ] 2022-12-13 17:58:11.811 [main] Landing_Page - verify_that_eductors_button_is_clickable_in_top_navigation_panel()
[INFO ] 2022-12-13 17:58:11.850 [main] Landing_Page - verify_that_about_us_button_is_clickable_in_top_navigation_panel()
[INFO ] 2022-12-13 17:58:11.889 [main] Landing_Page - verify_that_contact_us_button_is_clickable_in_top_navigation_panel()
[INFO ] 2022-12-13 17:58:11.947 [main] Landing_Page - verify_that_sign_up_and_take_the_quiz_button_is_clickable_in_top_navigation_panel()
[INFO ] 2022-12-13 17:58:11.987 [main] Landing_Page - verify_that_main_flag_is_clickable_in_top_navigation_panel()
[INFO ] 2022-12-13 17:58:12.142 [main] Landing_Page - verify_that_flag_into_united_kingdom_flag_is_clickable_in_top_navigation_panel()
[INFO ] 2022-12-13 17:58:12.279 [main] Landing_Page - verify_that_flag_into_united_states_flag_is_clickable_in_top_navigation_panel()
[INFO ] 2022-12-13 17:58:12.389 [main] Landing_Page - verify_that_flag_into_canada_flag_is_clickable_in_top_navigation_panel()
[INFO ] 2022-12-13 17:58:12.501 [main] Landing_Page - verify_that_flag_into_india_flag_is_clickable_in_top_navigation_panel()
[INFO ] 2022-12-13 17:58:12.537 [main] Landing_Page - verify_that_sign_in_button_is_clickable_in_top_navigation_panel()
[INFO ] 2022-12-13 17:58:12.690 [main] Landing_Page - verify_that_sign_in_into_students_button_is_clickable_in_top_navigation_panel()
[INFO ] 2022-12-13 17:58:12.840 [main] Landing_Page - verify_that_sign_in_into_school_or_consortium_button_is_clickable_in_top_navigation_panel()
[INFO ] 2022-12-13 17:58:12.982 [main] Landing_Page - verify_that_sign_in_into_employers_button_is_clickable_in_top_navigation_panel()
[INFO ] 2022-12-13 17:58:13.109 [main] Landing_Page - verify_that_sign_in_into_college_button_is_clickable_in_top_navigation_panel()
[INFO ] 2022-12-13 17:58:13.234 [main] Landing_Page - verify_that_sign_in_into_victar_code_button_is_clickable_in_top_navigation_panel()
[INFO ] 2022-12-13 17:58:13.287 [main] Landing_Page - verify_that_firstname_user_field_is_clickable()
[INFO ] 2022-12-13 17:58:13.340 [main] Landing_Page - verify_that_lastname_user_field_is_clickable()
[INFO ] 2022-12-13 17:58:13.393 [main] Landing_Page - verify_that_sign_up_and_take_the_quiz_button_is_clickable()
[INFO ] 2022-12-13 17:58:13.452 [main] Landing_Page - verify_that_sign_in_into_students_button_is_clickable()
[INFO ] 2022-12-13 17:58:13.511 [main] Landing_Page - verify_that_sign_in_into_school_or_consortium_button_is_clickable()
[INFO ] 2022-12-13 17:58:13.578 [main] Landing_Page - verify_that_sign_in_into_employers_button_is_clickable()
[INFO ] 2022-12-13 17:58:13.675 [main] Landing_Page - verify_that_sign_in_into_college_button_is_clickable()
[INFO ] 2022-12-13 17:58:13.739 [main] Landing_Page - verify_that_sign_in_into_victar_code_button_is_clickable()
[INFO ] 2022-12-13 18:36:28.194 [main] Landing_Page - user_is_on_the_Landing_page()
[INFO ] 2022-12-13 18:36:28.318 [main] Landing_Page - verify_that_navigation_logo_button_is_clickable()
[INFO ] 2022-12-13 18:36:28.373 [main] Landing_Page - verify_that_home_button_is_clickable_in_top_navigation_panel()
[INFO ] 2022-12-13 18:36:28.441 [main] Landing_Page - verify_that_student_button_is_clickable_in_top_navigation_panel()
[INFO ] 2022-12-13 18:36:28.493 [main] Landing_Page - verify_that_eductors_button_is_clickable_in_top_navigation_panel()
[INFO ] 2022-12-13 18:36:28.544 [main] Landing_Page - verify_that_about_us_button_is_clickable_in_top_navigation_panel()
[INFO ] 2022-12-13 18:36:28.601 [main] Landing_Page - verify_that_contact_us_button_is_clickable_in_top_navigation_panel()
[INFO ] 2022-12-13 18:36:28.652 [main] Landing_Page - verify_that_sign_up_and_take_the_quiz_button_is_clickable_in_top_navigation_panel()
[INFO ] 2022-12-13 18:36:28.700 [main] Landing_Page - verify_that_main_flag_is_clickable_in_top_navigation_panel()
[INFO ] 2022-12-13 18:36:28.859 [main] Landing_Page - verify_that_flag_into_united_kingdom_flag_is_clickable_in_top_navigation_panel()
[INFO ] 2022-12-13 18:36:28.971 [main] Landing_Page - verify_that_flag_into_united_states_flag_is_clickable_in_top_navigation_panel()
[INFO ] 2022-12-13 18:36:29.078 [main] Landing_Page - verify_that_flag_into_canada_flag_is_clickable_in_top_navigation_panel()
[INFO ] 2022-12-13 18:36:29.187 [main] Landing_Page - verify_that_flag_into_india_flag_is_clickable_in_top_navigation_panel()
[INFO ] 2022-12-13 18:36:29.223 [main] Landing_Page - verify_that_sign_in_button_is_clickable_in_top_navigation_panel()
[INFO ] 2022-12-13 18:36:29.395 [main] Landing_Page - verify_that_sign_in_into_students_button_is_clickable_in_top_navigation_panel()
[INFO ] 2022-12-13 18:36:29.504 [main] Landing_Page - verify_that_sign_in_into_school_or_consortium_button_is_clickable_in_top_navigation_panel()
[INFO ] 2022-12-13 18:36:29.607 [main] Landing_Page - verify_that_sign_in_into_employers_button_is_clickable_in_top_navigation_panel()
[INFO ] 2022-12-13 18:36:29.705 [main] Landing_Page - verify_that_sign_in_into_college_button_is_clickable_in_top_navigation_panel()
[INFO ] 2022-12-13 18:36:29.802 [main] Landing_Page - verify_that_sign_in_into_victar_code_button_is_clickable_in_top_navigation_panel()
[INFO ] 2022-12-13 18:36:29.846 [main] Landing_Page - verify_that_firstname_user_field_is_clickable()
[INFO ] 2022-12-13 18:36:29.889 [main] Landing_Page - verify_that_lastname_user_field_is_clickable()
[INFO ] 2022-12-13 18:36:29.934 [main] Landing_Page - verify_that_sign_up_and_take_the_quiz_button_is_clickable()
[INFO ] 2022-12-13 18:36:29.980 [main] Landing_Page - verify_that_sign_in_into_students_button_is_clickable()
[INFO ] 2022-12-13 18:36:30.026 [main] Landing_Page - verify_that_sign_in_into_school_or_consortium_button_is_clickable()
[INFO ] 2022-12-13 18:36:30.072 [main] Landing_Page - verify_that_sign_in_into_employers_button_is_clickable()
[INFO ] 2022-12-13 18:36:30.117 [main] Landing_Page - verify_that_sign_in_into_college_button_is_clickable()
[INFO ] 2022-12-13 18:36:30.171 [main] Landing_Page - verify_that_sign_in_into_victar_code_button_is_clickable()
[INFO ] 2022-12-13 18:36:30.220 [main] Landing_Page - verify_that_sign_in_into_victar_code_button_is_clickable()
[INFO ] 2022-12-13 18:36:30.271 [main] Landing_Page - verify_that_im_student_lets_go_button_is_clickable()
[INFO ] 2022-12-13 18:36:30.320 [main] Landing_Page - verify_that_im_an_eductor_lets_go_button_is_clickable()
[INFO ] 2022-12-13 18:36:30.370 [main] Landing_Page - verify_that_launch_your_career_student_button_is_clickable_in_footer()
[INFO ] 2022-12-13 18:36:30.414 [main] Landing_Page - verify_that_launch_your_career_educator_button_is_clickable_in_footer()
[INFO ] 2022-12-13 18:36:30.463 [main] Landing_Page - verify_that_get_in_touch_about_us_button_is_clickable_in_footer()
[INFO ] 2022-12-13 18:36:30.511 [main] Landing_Page - verify_that_get_in_touch_conatct_us_button_is_clickable_in_footer()
[INFO ] 2022-12-13 18:36:30.560 [main] Landing_Page - verify_that_privacy_cookie_policy_button_is_clickable_in_footer()
[INFO ] 2022-12-13 18:36:30.604 [main] Landing_Page - verify_that_back_to_top_button_is_clickable_is_clickable_in_footer()
[INFO ] 2022-12-13 18:36:30.652 [main] Landing_Page - verify_that_keep_up_with_all_things_careers_facebook_button_is_clickable()
[INFO ] 2022-12-13 18:36:30.703 [main] Landing_Page - verify_that_keep_up_with_all_things_careers_twitter_button_is_clickable()
[INFO ] 2022-12-13 18:36:30.752 [main] Landing_Page - verify_that_keep_up_with_all_things_careers_instagram_button_is_clickable()
[INFO ] 2022-12-13 18:36:30.792 [main] Landing_Page - verify_that_keep_up_with_all_things_careers_linkedin_button_is_clickable()
[INFO ] 2022-12-13 19:45:32.033 [main] Landing_Page - user_is_on_the_Landing_page()
[INFO ] 2022-12-13 19:45:32.842 [main] Landing_Page - verify_that_navigation_logo_button_is_clickable()
[INFO ] 2022-12-13 19:45:32.969 [main] Landing_Page - verify_that_home_button_is_clickable_in_top_navigation_panel()
[INFO ] 2022-12-13 19:45:33.032 [main] Landing_Page - verify_that_student_button_is_clickable_in_top_navigation_panel()
[INFO ] 2022-12-13 19:45:33.092 [main] Landing_Page - verify_that_eductors_button_is_clickable_in_top_navigation_panel()
[INFO ] 2022-12-13 19:45:33.154 [main] Landing_Page - verify_that_about_us_button_is_clickable_in_top_navigation_panel()
[INFO ] 2022-12-13 19:45:33.217 [main] Landing_Page - verify_that_contact_us_button_is_clickable_in_top_navigation_panel()
[INFO ] 2022-12-13 19:45:33.290 [main] Landing_Page - verify_that_sign_up_and_take_the_quiz_button_is_clickable_in_top_navigation_panel()
[INFO ] 2022-12-13 19:45:33.350 [main] Landing_Page - verify_that_main_flag_is_clickable_in_top_navigation_panel()
[INFO ] 2022-12-13 19:45:33.881 [main] Landing_Page - verify_that_flag_into_united_kingdom_flag_is_clickable_in_top_navigation_panel()
[INFO ] 2022-12-13 19:45:34.059 [main] Landing_Page - verify_that_flag_into_united_states_flag_is_clickable_in_top_navigation_panel()
[INFO ] 2022-12-13 19:45:34.167 [main] Landing_Page - verify_that_flag_into_canada_flag_is_clickable_in_top_navigation_panel()
[INFO ] 2022-12-13 19:45:34.280 [main] Landing_Page - verify_that_flag_into_india_flag_is_clickable_in_top_navigation_panel()
[INFO ] 2022-12-13 19:45:34.319 [main] Landing_Page - verify_that_sign_in_button_is_clickable_in_top_navigation_panel()
[INFO ] 2022-12-13 19:45:34.464 [main] Landing_Page - verify_that_sign_in_into_students_button_is_clickable_in_top_navigation_panel()
[INFO ] 2022-12-13 19:45:34.574 [main] Landing_Page - verify_that_sign_in_into_school_or_consortium_button_is_clickable_in_top_navigation_panel()
[INFO ] 2022-12-13 19:45:34.674 [main] Landing_Page - verify_that_sign_in_into_employers_button_is_clickable_in_top_navigation_panel()
[INFO ] 2022-12-13 19:45:34.785 [main] Landing_Page - verify_that_sign_in_into_college_button_is_clickable_in_top_navigation_panel()
[INFO ] 2022-12-13 19:45:34.896 [main] Landing_Page - verify_that_sign_in_into_victar_code_button_is_clickable_in_top_navigation_panel()
[INFO ] 2022-12-13 19:45:34.937 [main] Landing_Page - verify_that_firstname_user_field_is_clickable()
[INFO ] 2022-12-13 19:45:34.986 [main] Landing_Page - verify_that_lastname_user_field_is_clickable()
[INFO ] 2022-12-13 19:45:35.028 [main] Landing_Page - verify_that_sign_up_and_take_the_quiz_button_is_clickable()
[INFO ] 2022-12-13 19:45:35.074 [main] Landing_Page - verify_that_sign_in_into_students_button_is_clickable()
[INFO ] 2022-12-13 19:45:35.114 [main] Landing_Page - verify_that_sign_in_into_school_or_consortium_button_is_clickable()
[INFO ] 2022-12-13 19:45:35.161 [main] Landing_Page - verify_that_sign_in_into_employers_button_is_clickable()
[INFO ] 2022-12-13 19:45:35.199 [main] Landing_Page - verify_that_sign_in_into_college_button_is_clickable()
[INFO ] 2022-12-13 19:45:35.242 [main] Landing_Page - verify_that_sign_in_into_victar_code_button_is_clickable()
[INFO ] 2022-12-13 19:45:35.298 [main] Landing_Page - verify_that_sign_in_into_victar_code_button_is_clickable()
[INFO ] 2022-12-13 19:45:35.338 [main] Landing_Page - verify_that_im_student_lets_go_button_is_clickable()
[INFO ] 2022-12-13 19:45:35.376 [main] Landing_Page - verify_that_im_an_eductor_lets_go_button_is_clickable()
[INFO ] 2022-12-13 19:45:35.416 [main] Landing_Page - verify_that_launch_your_career_student_button_is_clickable_in_footer()
[INFO ] 2022-12-13 19:45:35.550 [main] Landing_Page - verify_that_launch_your_career_educator_button_is_clickable_in_footer()
[INFO ] 2022-12-13 19:45:35.601 [main] Landing_Page - verify_that_get_in_touch_about_us_button_is_clickable_in_footer()
[INFO ] 2022-12-13 19:45:35.642 [main] Landing_Page - verify_that_get_in_touch_conatct_us_button_is_clickable_in_footer()
[INFO ] 2022-12-13 19:45:35.684 [main] Landing_Page - verify_that_privacy_cookie_policy_button_is_clickable_in_footer()
[INFO ] 2022-12-13 19:45:35.725 [main] Landing_Page - verify_that_back_to_top_button_is_clickable_is_clickable_in_footer()
[INFO ] 2022-12-13 19:45:35.760 [main] Landing_Page - verify_that_keep_up_with_all_things_careers_facebook_button_is_clickable()
[INFO ] 2022-12-13 19:45:35.806 [main] Landing_Page - verify_that_keep_up_with_all_things_careers_twitter_button_is_clickable()
[INFO ] 2022-12-13 19:45:35.845 [main] Landing_Page - verify_that_keep_up_with_all_things_careers_instagram_button_is_clickable()
[INFO ] 2022-12-13 19:45:35.879 [main] Landing_Page - verify_that_keep_up_with_all_things_careers_linkedin_button_is_clickable()
[INFO ] 2022-12-13 20:16:50.259 [main] Landing_Page - user_is_on_the_Landing_page()
[INFO ] 2022-12-13 20:16:50.419 [main] Landing_Page - verify_that_navigation_logo_button_is_clickable()
[INFO ] 2022-12-13 20:16:50.508 [main] Landing_Page - verify_that_home_button_is_clickable_in_top_navigation_panel()
[INFO ] 2022-12-13 20:16:50.577 [main] Landing_Page - verify_that_student_button_is_clickable_in_top_navigation_panel()
[INFO ] 2022-12-13 20:16:50.627 [main] Landing_Page - verify_that_eductors_button_is_clickable_in_top_navigation_panel()
[INFO ] 2022-12-13 20:16:50.677 [main] Landing_Page - verify_that_about_us_button_is_clickable_in_top_navigation_panel()
[INFO ] 2022-12-13 20:16:50.728 [main] Landing_Page - verify_that_contact_us_button_is_clickable_in_top_navigation_panel()
[INFO ] 2022-12-13 20:16:50.781 [main] Landing_Page - verify_that_sign_up_and_take_the_quiz_button_is_clickable_in_top_navigation_panel()
[INFO ] 2022-12-13 20:16:50.833 [main] Landing_Page - verify_that_main_flag_is_clickable_in_top_navigation_panel()
[INFO ] 2022-12-13 20:16:51.022 [main] Landing_Page - verify_that_flag_into_united_kingdom_flag_is_clickable_in_top_navigation_panel()
[INFO ] 2022-12-13 20:16:51.138 [main] Landing_Page - verify_that_flag_into_united_states_flag_is_clickable_in_top_navigation_panel()
[INFO ] 2022-12-13 20:16:51.240 [main] Landing_Page - verify_that_flag_into_canada_flag_is_clickable_in_top_navigation_panel()
[INFO ] 2022-12-13 20:16:51.361 [main] Landing_Page - verify_that_flag_into_india_flag_is_clickable_in_top_navigation_panel()
[INFO ] 2022-12-13 20:16:51.389 [main] Landing_Page - verify_that_sign_in_button_is_clickable_in_top_navigation_panel()
[INFO ] 2022-12-13 20:16:51.517 [main] Landing_Page - verify_that_sign_in_into_students_button_is_clickable_in_top_navigation_panel()
[INFO ] 2022-12-13 20:16:51.618 [main] Landing_Page - verify_that_sign_in_into_school_or_consortium_button_is_clickable_in_top_navigation_panel()
[INFO ] 2022-12-13 20:16:51.713 [main] Landing_Page - verify_that_sign_in_into_employers_button_is_clickable_in_top_navigation_panel()
[INFO ] 2022-12-13 20:16:51.833 [main] Landing_Page - verify_that_sign_in_into_college_button_is_clickable_in_top_navigation_panel()
[INFO ] 2022-12-13 20:16:51.959 [main] Landing_Page - verify_that_sign_in_into_victar_code_button_is_clickable_in_top_navigation_panel()
[INFO ] 2022-12-13 20:16:52.020 [main] Landing_Page - verify_that_firstname_user_field_is_clickable()
[INFO ] 2022-12-13 20:16:52.069 [main] Landing_Page - verify_that_lastname_user_field_is_clickable()
[INFO ] 2022-12-13 20:16:52.116 [main] Landing_Page - verify_that_sign_up_and_take_the_quiz_button_is_clickable()
[INFO ] 2022-12-13 20:16:52.166 [main] Landing_Page - verify_that_sign_in_into_students_button_is_clickable()
[INFO ] 2022-12-13 20:16:52.218 [main] Landing_Page - verify_that_sign_in_into_school_or_consortium_button_is_clickable()
[INFO ] 2022-12-13 20:16:52.270 [main] Landing_Page - verify_that_sign_in_into_employers_button_is_clickable()
[INFO ] 2022-12-13 20:16:52.319 [main] Landing_Page - verify_that_sign_in_into_college_button_is_clickable()
[INFO ] 2022-12-13 20:16:52.371 [main] Landing_Page - verify_that_sign_in_into_victar_code_button_is_clickable()
[INFO ] 2022-12-13 20:16:52.428 [main] Landing_Page - verify_that_sign_in_into_victar_code_button_is_clickable()
[INFO ] 2022-12-13 20:16:52.488 [main] Landing_Page - verify_that_im_student_lets_go_button_is_clickable()
[INFO ] 2022-12-13 20:16:52.527 [main] Landing_Page - verify_that_im_an_eductor_lets_go_button_is_clickable()
[INFO ] 2022-12-13 20:16:52.565 [main] Landing_Page - verify_that_launch_your_career_student_button_is_clickable_in_footer()
[INFO ] 2022-12-13 20:16:52.602 [main] Landing_Page - verify_that_launch_your_career_educator_button_is_clickable_in_footer()
[INFO ] 2022-12-13 20:16:52.651 [main] Landing_Page - verify_that_get_in_touch_about_us_button_is_clickable_in_footer()
[INFO ] 2022-12-13 20:16:52.699 [main] Landing_Page - verify_that_get_in_touch_conatct_us_button_is_clickable_in_footer()
[INFO ] 2022-12-13 20:16:52.748 [main] Landing_Page - verify_that_privacy_cookie_policy_button_is_clickable_in_footer()
[INFO ] 2022-12-13 20:16:52.795 [main] Landing_Page - verify_that_back_to_top_button_is_clickable_is_clickable_in_footer()
[INFO ] 2022-12-13 20:16:52.845 [main] Landing_Page - verify_that_keep_up_with_all_things_careers_facebook_button_is_clickable()
[INFO ] 2022-12-13 20:16:52.904 [main] Landing_Page - verify_that_keep_up_with_all_things_careers_twitter_button_is_clickable()
[INFO ] 2022-12-13 20:16:52.959 [main] Landing_Page - verify_that_keep_up_with_all_things_careers_instagram_button_is_clickable()
[INFO ] 2022-12-13 20:16:52.998 [main] Landing_Page - verify_that_keep_up_with_all_things_careers_linkedin_button_is_clickable()
[INFO ] 2022-12-13 20:19:57.573 [main] Landing_Page - user_is_on_the_Landing_page()
[INFO ] 2022-12-13 20:19:57.787 [main] Landing_Page - verify_that_navigation_logo_button_is_clickable()
[INFO ] 2022-12-13 20:19:57.928 [main] Landing_Page - verify_that_home_button_is_clickable_in_top_navigation_panel()
[INFO ] 2022-12-13 20:19:57.996 [main] Landing_Page - verify_that_student_button_is_clickable_in_top_navigation_panel()
[INFO ] 2022-12-13 20:19:58.061 [main] Landing_Page - verify_that_eductors_button_is_clickable_in_top_navigation_panel()
[INFO ] 2022-12-13 20:19:58.126 [main] Landing_Page - verify_that_about_us_button_is_clickable_in_top_navigation_panel()
[INFO ] 2022-12-13 20:19:58.192 [main] Landing_Page - verify_that_contact_us_button_is_clickable_in_top_navigation_panel()
[INFO ] 2022-12-13 20:19:58.266 [main] Landing_Page - verify_that_sign_up_and_take_the_quiz_button_is_clickable_in_top_navigation_panel()
[INFO ] 2022-12-13 20:19:58.330 [main] Landing_Page - verify_that_main_flag_is_clickable_in_top_navigation_panel()
[INFO ] 2022-12-13 20:19:58.533 [main] Landing_Page - verify_that_flag_into_united_kingdom_flag_is_clickable_in_top_navigation_panel()
[INFO ] 2022-12-13 20:19:58.686 [main] Landing_Page - verify_that_flag_into_united_states_flag_is_clickable_in_top_navigation_panel()
[INFO ] 2022-12-13 20:19:58.793 [main] Landing_Page - verify_that_flag_into_canada_flag_is_clickable_in_top_navigation_panel()
[INFO ] 2022-12-13 20:19:58.903 [main] Landing_Page - verify_that_flag_into_india_flag_is_clickable_in_top_navigation_panel()
[INFO ] 2022-12-13 20:19:58.942 [main] Landing_Page - verify_that_sign_in_button_is_clickable_in_top_navigation_panel()
[INFO ] 2022-12-13 20:19:59.091 [main] Landing_Page - verify_that_sign_in_into_students_button_is_clickable_in_top_navigation_panel()
[INFO ] 2022-12-13 20:19:59.203 [main] Landing_Page - verify_that_sign_in_into_school_or_consortium_button_is_clickable_in_top_navigation_panel()
[INFO ] 2022-12-13 20:19:59.298 [main] Landing_Page - verify_that_sign_in_into_employers_button_is_clickable_in_top_navigation_panel()
[INFO ] 2022-12-13 20:19:59.404 [main] Landing_Page - verify_that_sign_in_into_college_button_is_clickable_in_top_navigation_panel()
[INFO ] 2022-12-13 20:19:59.520 [main] Landing_Page - verify_that_sign_in_into_victar_code_button_is_clickable_in_top_navigation_panel()
[INFO ] 2022-12-13 20:19:59.569 [main] Landing_Page - verify_that_firstname_user_field_is_clickable()
[INFO ] 2022-12-13 20:19:59.620 [main] Landing_Page - verify_that_lastname_user_field_is_clickable()
[INFO ] 2022-12-13 20:19:59.664 [main] Landing_Page - verify_that_sign_up_and_take_the_quiz_button_is_clickable()
[INFO ] 2022-12-13 20:19:59.711 [main] Landing_Page - verify_that_sign_in_into_students_button_is_clickable()
[INFO ] 2022-12-13 20:19:59.760 [main] Landing_Page - verify_that_sign_in_into_school_or_consortium_button_is_clickable()
[INFO ] 2022-12-13 20:19:59.810 [main] Landing_Page - verify_that_sign_in_into_employers_button_is_clickable()
[INFO ] 2022-12-13 20:19:59.858 [main] Landing_Page - verify_that_sign_in_into_college_button_is_clickable()
[INFO ] 2022-12-13 20:19:59.905 [main] Landing_Page - verify_that_sign_in_into_victar_code_button_is_clickable()
[INFO ] 2022-12-13 20:19:59.949 [main] Landing_Page - verify_that_sign_in_into_victar_code_button_is_clickable()
[INFO ] 2022-12-13 20:19:59.993 [main] Landing_Page - verify_that_im_student_lets_go_button_is_clickable()
[INFO ] 2022-12-13 20:20:00.040 [main] Landing_Page - verify_that_im_an_eductor_lets_go_button_is_clickable()
[INFO ] 2022-12-13 20:20:00.087 [main] Landing_Page - verify_that_launch_your_career_student_button_is_clickable_in_footer()
[INFO ] 2022-12-13 20:20:00.130 [main] Landing_Page - verify_that_launch_your_career_educator_button_is_clickable_in_footer()
[INFO ] 2022-12-13 20:20:00.175 [main] Landing_Page - verify_that_get_in_touch_about_us_button_is_clickable_in_footer()
[INFO ] 2022-12-13 20:20:00.216 [main] Landing_Page - verify_that_get_in_touch_conatct_us_button_is_clickable_in_footer()
[INFO ] 2022-12-13 20:20:00.259 [main] Landing_Page - verify_that_privacy_cookie_policy_button_is_clickable_in_footer()
[INFO ] 2022-12-13 20:20:00.310 [main] Landing_Page - verify_that_back_to_top_button_is_clickable_is_clickable_in_footer()
[INFO ] 2022-12-13 20:20:00.353 [main] Landing_Page - verify_that_keep_up_with_all_things_careers_facebook_button_is_clickable()
[INFO ] 2022-12-13 20:20:00.398 [main] Landing_Page - verify_that_keep_up_with_all_things_careers_twitter_button_is_clickable()
[INFO ] 2022-12-13 20:20:00.442 [main] Landing_Page - verify_that_keep_up_with_all_things_careers_instagram_button_is_clickable()
[INFO ] 2022-12-13 20:20:00.478 [main] Landing_Page - verify_that_keep_up_with_all_things_careers_linkedin_button_is_clickable()
[INFO ] 2022-12-13 20:20:12.562 [main] Landing_Page - user_is_on_the_Landing_page()
[INFO ] 2022-12-13 20:25:40.560 [main] Landing_Page - user_is_on_the_Landing_page()
[INFO ] 2022-12-13 20:25:40.704 [main] Landing_Page - verify_that_navigation_logo_button_is_clickable()
[INFO ] 2022-12-13 20:25:40.765 [main] Landing_Page - verify_that_home_button_is_clickable_in_top_navigation_panel()
[INFO ] 2022-12-13 20:25:40.819 [main] Landing_Page - verify_that_student_button_is_clickable_in_top_navigation_panel()
[INFO ] 2022-12-13 20:25:40.866 [main] Landing_Page - verify_that_eductors_button_is_clickable_in_top_navigation_panel()
[INFO ] 2022-12-13 20:25:40.911 [main] Landing_Page - verify_that_about_us_button_is_clickable_in_top_navigation_panel()
[INFO ] 2022-12-13 20:25:40.957 [main] Landing_Page - verify_that_contact_us_button_is_clickable_in_top_navigation_panel()
[INFO ] 2022-12-13 20:25:41.006 [main] Landing_Page - verify_that_sign_up_and_take_the_quiz_button_is_clickable_in_top_navigation_panel()
[INFO ] 2022-12-13 20:25:41.049 [main] Landing_Page - verify_that_main_flag_is_clickable_in_top_navigation_panel()
[INFO ] 2022-12-13 20:25:41.196 [main] Landing_Page - verify_that_flag_into_united_kingdom_flag_is_clickable_in_top_navigation_panel()
[INFO ] 2022-12-13 20:25:41.309 [main] Landing_Page - verify_that_flag_into_united_states_flag_is_clickable_in_top_navigation_panel()
[INFO ] 2022-12-13 20:25:41.408 [main] Landing_Page - verify_that_flag_into_canada_flag_is_clickable_in_top_navigation_panel()
[INFO ] 2022-12-13 20:25:41.531 [main] Landing_Page - verify_that_flag_into_india_flag_is_clickable_in_top_navigation_panel()
[INFO ] 2022-12-13 20:25:41.588 [main] Landing_Page - verify_that_sign_in_button_is_clickable_in_top_navigation_panel()
[INFO ] 2022-12-13 20:25:41.723 [main] Landing_Page - verify_that_sign_in_into_students_button_is_clickable_in_top_navigation_panel()
[INFO ] 2022-12-13 20:25:41.826 [main] Landing_Page - verify_that_sign_in_into_school_or_consortium_button_is_clickable_in_top_navigation_panel()
[INFO ] 2022-12-13 20:25:41.929 [main] Landing_Page - verify_that_sign_in_into_employers_button_is_clickable_in_top_navigation_panel()
[INFO ] 2022-12-13 20:25:42.038 [main] Landing_Page - verify_that_sign_in_into_college_button_is_clickable_in_top_navigation_panel()
[INFO ] 2022-12-13 20:25:42.147 [main] Landing_Page - verify_that_sign_in_into_victar_code_button_is_clickable_in_top_navigation_panel()
[INFO ] 2022-12-13 20:25:42.197 [main] Landing_Page - verify_that_firstname_user_field_is_clickable()
[INFO ] 2022-12-13 20:25:42.246 [main] Landing_Page - verify_that_lastname_user_field_is_clickable()
[INFO ] 2022-12-13 20:25:42.297 [main] Landing_Page - verify_that_sign_up_and_take_the_quiz_button_is_clickable()
[INFO ] 2022-12-13 20:25:42.353 [main] Landing_Page - verify_that_sign_in_into_students_button_is_clickable()
[INFO ] 2022-12-13 20:25:42.398 [main] Landing_Page - verify_that_sign_in_into_school_or_consortium_button_is_clickable()
[INFO ] 2022-12-13 20:25:42.440 [main] Landing_Page - verify_that_sign_in_into_employers_button_is_clickable()
[INFO ] 2022-12-13 20:25:42.477 [main] Landing_Page - verify_that_sign_in_into_college_button_is_clickable()
[INFO ] 2022-12-13 20:25:42.515 [main] Landing_Page - verify_that_sign_in_into_victar_code_button_is_clickable()
[INFO ] 2022-12-13 20:25:42.566 [main] Landing_Page - verify_that_sign_in_into_victar_code_button_is_clickable()
[INFO ] 2022-12-13 20:25:42.610 [main] Landing_Page - verify_that_im_student_lets_go_button_is_clickable()
[INFO ] 2022-12-13 20:25:42.657 [main] Landing_Page - verify_that_im_an_eductor_lets_go_button_is_clickable()
[INFO ] 2022-12-13 20:25:42.712 [main] Landing_Page - verify_that_launch_your_career_student_button_is_clickable_in_footer()
[INFO ] 2022-12-13 20:25:42.758 [main] Landing_Page - verify_that_launch_your_career_educator_button_is_clickable_in_footer()
[INFO ] 2022-12-13 20:25:42.800 [main] Landing_Page - verify_that_get_in_touch_about_us_button_is_clickable_in_footer()
[INFO ] 2022-12-13 20:25:42.844 [main] Landing_Page - verify_that_get_in_touch_conatct_us_button_is_clickable_in_footer()
[INFO ] 2022-12-13 20:25:42.887 [main] Landing_Page - verify_that_privacy_cookie_policy_button_is_clickable_in_footer()
[INFO ] 2022-12-13 20:25:42.932 [main] Landing_Page - verify_that_back_to_top_button_is_clickable_is_clickable_in_footer()
[INFO ] 2022-12-13 20:25:42.977 [main] Landing_Page - verify_that_keep_up_with_all_things_careers_facebook_button_is_clickable()
[INFO ] 2022-12-13 20:25:43.019 [main] Landing_Page - verify_that_keep_up_with_all_things_careers_twitter_button_is_clickable()
[INFO ] 2022-12-13 20:25:43.061 [main] Landing_Page - verify_that_keep_up_with_all_things_careers_instagram_button_is_clickable()
[INFO ] 2022-12-13 20:25:43.096 [main] Landing_Page - verify_that_keep_up_with_all_things_careers_linkedin_button_is_clickable()
[INFO ] 2022-12-13 20:25:53.246 [main] Landing_Page - user_is_on_the_Landing_page()
[INFO ] 2022-12-13 20:27:33.654 [main] Landing_Page - user_is_on_the_Landing_page()
[INFO ] 2022-12-13 20:27:33.762 [main] Landing_Page - verify_that_navigation_logo_button_is_clickable()
[INFO ] 2022-12-13 20:27:33.825 [main] Landing_Page - verify_that_home_button_is_clickable_in_top_navigation_panel()
[INFO ] 2022-12-13 20:27:33.884 [main] Landing_Page - verify_that_student_button_is_clickable_in_top_navigation_panel()
[INFO ] 2022-12-13 20:27:33.938 [main] Landing_Page - verify_that_eductors_button_is_clickable_in_top_navigation_panel()
[INFO ] 2022-12-13 20:27:33.990 [main] Landing_Page - verify_that_about_us_button_is_clickable_in_top_navigation_panel()
[INFO ] 2022-12-13 20:27:34.039 [main] Landing_Page - verify_that_contact_us_button_is_clickable_in_top_navigation_panel()
[INFO ] 2022-12-13 20:27:34.081 [main] Landing_Page - verify_that_sign_up_and_take_the_quiz_button_is_clickable_in_top_navigation_panel()
[INFO ] 2022-12-13 20:27:34.124 [main] Landing_Page - verify_that_main_flag_is_clickable_in_top_navigation_panel()
[INFO ] 2022-12-13 20:27:34.284 [main] Landing_Page - verify_that_flag_into_united_kingdom_flag_is_clickable_in_top_navigation_panel()
[INFO ] 2022-12-13 20:27:34.398 [main] Landing_Page - verify_that_flag_into_united_states_flag_is_clickable_in_top_navigation_panel()
[INFO ] 2022-12-13 20:27:34.499 [main] Landing_Page - verify_that_flag_into_canada_flag_is_clickable_in_top_navigation_panel()
[INFO ] 2022-12-13 20:27:34.599 [main] Landing_Page - verify_that_flag_into_india_flag_is_clickable_in_top_navigation_panel()
[INFO ] 2022-12-13 20:27:34.631 [main] Landing_Page - verify_that_sign_in_button_is_clickable_in_top_navigation_panel()
[INFO ] 2022-12-13 20:27:34.761 [main] Landing_Page - verify_that_sign_in_into_students_button_is_clickable_in_top_navigation_panel()
[INFO ] 2022-12-13 20:27:34.861 [main] Landing_Page - verify_that_sign_in_into_school_or_consortium_button_is_clickable_in_top_navigation_panel()
[INFO ] 2022-12-13 20:27:34.959 [main] Landing_Page - verify_that_sign_in_into_employers_button_is_clickable_in_top_navigation_panel()
[INFO ] 2022-12-13 20:27:35.056 [main] Landing_Page - verify_that_sign_in_into_college_button_is_clickable_in_top_navigation_panel()
[INFO ] 2022-12-13 20:27:35.154 [main] Landing_Page - verify_that_sign_in_into_victar_code_button_is_clickable_in_top_navigation_panel()
[INFO ] 2022-12-13 20:27:35.193 [main] Landing_Page - verify_that_firstname_user_field_is_clickable()
[INFO ] 2022-12-13 20:27:35.231 [main] Landing_Page - verify_that_lastname_user_field_is_clickable()
[INFO ] 2022-12-13 20:27:35.270 [main] Landing_Page - verify_that_sign_up_and_take_the_quiz_button_is_clickable()
[INFO ] 2022-12-13 20:27:35.317 [main] Landing_Page - verify_that_sign_in_into_students_button_is_clickable()
[INFO ] 2022-12-13 20:27:35.360 [main] Landing_Page - verify_that_sign_in_into_school_or_consortium_button_is_clickable()
[INFO ] 2022-12-13 20:27:35.402 [main] Landing_Page - verify_that_sign_in_into_employers_button_is_clickable()
[INFO ] 2022-12-13 20:27:35.448 [main] Landing_Page - verify_that_sign_in_into_college_button_is_clickable()
[INFO ] 2022-12-13 20:27:35.495 [main] Landing_Page - verify_that_sign_in_into_victar_code_button_is_clickable()
[INFO ] 2022-12-13 20:27:35.545 [main] Landing_Page - verify_that_sign_in_into_victar_code_button_is_clickable()
[INFO ] 2022-12-13 20:27:35.596 [main] Landing_Page - verify_that_im_student_lets_go_button_is_clickable()
[INFO ] 2022-12-13 20:27:35.658 [main] Landing_Page - verify_that_im_an_eductor_lets_go_button_is_clickable()
[INFO ] 2022-12-13 20:27:35.703 [main] Landing_Page - verify_that_launch_your_career_student_button_is_clickable_in_footer()
[INFO ] 2022-12-13 20:27:35.752 [main] Landing_Page - verify_that_launch_your_career_educator_button_is_clickable_in_footer()
[INFO ] 2022-12-13 20:27:35.812 [main] Landing_Page - verify_that_get_in_touch_about_us_button_is_clickable_in_footer()
[INFO ] 2022-12-13 20:27:35.871 [main] Landing_Page - verify_that_get_in_touch_conatct_us_button_is_clickable_in_footer()
[INFO ] 2022-12-13 20:27:35.949 [main] Landing_Page - verify_that_privacy_cookie_policy_button_is_clickable_in_footer()
[INFO ] 2022-12-13 20:27:36.010 [main] Landing_Page - verify_that_back_to_top_button_is_clickable_is_clickable_in_footer()
[INFO ] 2022-12-13 20:27:36.065 [main] Landing_Page - verify_that_keep_up_with_all_things_careers_facebook_button_is_clickable()
[INFO ] 2022-12-13 20:27:36.158 [main] Landing_Page - verify_that_keep_up_with_all_things_careers_twitter_button_is_clickable()
[INFO ] 2022-12-13 20:27:36.214 [main] Landing_Page - verify_that_keep_up_with_all_things_careers_instagram_button_is_clickable()
[INFO ] 2022-12-13 20:27:51.383 [main] Landing_Page - user_is_on_the_Landing_page()
[INFO ] 2022-12-13 20:30:02.994 [main] Landing_Page - user_is_on_the_Landing_page()
[INFO ] 2022-12-13 20:30:03.166 [main] Landing_Page - verify_that_navigation_logo_button_is_clickable()
[INFO ] 2022-12-13 20:30:03.228 [main] Landing_Page - verify_that_home_button_is_clickable_in_top_navigation_panel()
[INFO ] 2022-12-13 20:30:03.279 [main] Landing_Page - verify_that_student_button_is_clickable_in_top_navigation_panel()
[INFO ] 2022-12-13 20:30:03.334 [main] Landing_Page - verify_that_eductors_button_is_clickable_in_top_navigation_panel()
[INFO ] 2022-12-13 20:30:03.374 [main] Landing_Page - verify_that_about_us_button_is_clickable_in_top_navigation_panel()
[INFO ] 2022-12-13 20:30:03.415 [main] Landing_Page - verify_that_contact_us_button_is_clickable_in_top_navigation_panel()
[INFO ] 2022-12-13 20:30:03.453 [main] Landing_Page - verify_that_sign_up_and_take_the_quiz_button_is_clickable_in_top_navigation_panel()
[INFO ] 2022-12-13 20:30:03.493 [main] Landing_Page - verify_that_main_flag_is_clickable_in_top_navigation_panel()
[INFO ] 2022-12-13 20:30:03.631 [main] Landing_Page - verify_that_flag_into_united_kingdom_flag_is_clickable_in_top_navigation_panel()
[INFO ] 2022-12-13 20:30:03.744 [main] Landing_Page - verify_that_flag_into_united_states_flag_is_clickable_in_top_navigation_panel()
[INFO ] 2022-12-13 20:30:03.862 [main] Landing_Page - verify_that_flag_into_canada_flag_is_clickable_in_top_navigation_panel()
[INFO ] 2022-12-13 20:30:03.987 [main] Landing_Page - verify_that_flag_into_india_flag_is_clickable_in_top_navigation_panel()
[INFO ] 2022-12-13 20:30:04.039 [main] Landing_Page - verify_that_sign_in_button_is_clickable_in_top_navigation_panel()
[INFO ] 2022-12-13 20:30:04.181 [main] Landing_Page - verify_that_sign_in_into_students_button_is_clickable_in_top_navigation_panel()
[INFO ] 2022-12-13 20:30:04.302 [main] Landing_Page - verify_that_sign_in_into_school_or_consortium_button_is_clickable_in_top_navigation_panel()
[INFO ] 2022-12-13 20:30:04.422 [main] Landing_Page - verify_that_sign_in_into_employers_button_is_clickable_in_top_navigation_panel()
[INFO ] 2022-12-13 20:30:04.531 [main] Landing_Page - verify_that_sign_in_into_college_button_is_clickable_in_top_navigation_panel()
[INFO ] 2022-12-13 20:30:04.650 [main] Landing_Page - verify_that_sign_in_into_victar_code_button_is_clickable_in_top_navigation_panel()
[INFO ] 2022-12-13 20:30:04.704 [main] Landing_Page - verify_that_firstname_user_field_is_clickable()
[INFO ] 2022-12-13 20:30:04.753 [main] Landing_Page - verify_that_lastname_user_field_is_clickable()
[INFO ] 2022-12-13 20:30:04.801 [main] Landing_Page - verify_that_sign_up_and_take_the_quiz_button_is_clickable()
[INFO ] 2022-12-13 20:30:04.842 [main] Landing_Page - verify_that_sign_in_into_students_button_is_clickable()
[INFO ] 2022-12-13 20:30:04.885 [main] Landing_Page - verify_that_sign_in_into_school_or_consortium_button_is_clickable()
[INFO ] 2022-12-13 20:30:04.928 [main] Landing_Page - verify_that_sign_in_into_employers_button_is_clickable()
[INFO ] 2022-12-13 20:30:04.974 [main] Landing_Page - verify_that_sign_in_into_college_button_is_clickable()
[INFO ] 2022-12-13 20:30:05.022 [main] Landing_Page - verify_that_sign_in_into_victar_code_button_is_clickable()
[INFO ] 2022-12-13 20:30:05.068 [main] Landing_Page - verify_that_sign_in_into_victar_code_button_is_clickable()
[INFO ] 2022-12-13 20:30:05.115 [main] Landing_Page - verify_that_im_student_lets_go_button_is_clickable()
[INFO ] 2022-12-13 20:30:05.163 [main] Landing_Page - verify_that_im_an_eductor_lets_go_button_is_clickable()
[INFO ] 2022-12-13 20:30:05.205 [main] Landing_Page - verify_that_launch_your_career_student_button_is_clickable_in_footer()
[INFO ] 2022-12-13 20:30:05.248 [main] Landing_Page - verify_that_launch_your_career_educator_button_is_clickable_in_footer()
[INFO ] 2022-12-13 20:30:05.313 [main] Landing_Page - verify_that_get_in_touch_about_us_button_is_clickable_in_footer()
[INFO ] 2022-12-13 20:30:05.350 [main] Landing_Page - verify_that_get_in_touch_conatct_us_button_is_clickable_in_footer()
[INFO ] 2022-12-13 20:30:05.392 [main] Landing_Page - verify_that_privacy_cookie_policy_button_is_clickable_in_footer()
[INFO ] 2022-12-13 20:30:05.447 [main] Landing_Page - verify_that_back_to_top_button_is_clickable_is_clickable_in_footer()
[INFO ] 2022-12-13 20:30:05.486 [main] Landing_Page - verify_that_keep_up_with_all_things_careers_facebook_button_is_clickable()
[INFO ] 2022-12-13 20:30:05.525 [main] Landing_Page - verify_that_keep_up_with_all_things_careers_twitter_button_is_clickable()
[INFO ] 2022-12-13 20:30:05.565 [main] Landing_Page - verify_that_keep_up_with_all_things_careers_instagram_button_is_clickable()
[INFO ] 2022-12-13 20:30:19.229 [main] Landing_Page - user_is_on_the_Landing_page()
[INFO ] 2022-12-13 21:03:23.611 [main] Landing_Page - user_is_on_the_Landing_page()
[INFO ] 2022-12-13 21:03:24.445 [main] Landing_Page - verify_that_navigation_logo_button_is_clickable()
[INFO ] 2022-12-13 21:03:24.502 [main] Landing_Page - verify_that_home_button_is_clickable_in_top_navigation_panel()
[INFO ] 2022-12-13 21:03:24.545 [main] Landing_Page - verify_that_student_button_is_clickable_in_top_navigation_panel()
[INFO ] 2022-12-13 21:03:24.590 [main] Landing_Page - verify_that_eductors_button_is_clickable_in_top_navigation_panel()
[INFO ] 2022-12-13 21:03:24.629 [main] Landing_Page - verify_that_about_us_button_is_clickable_in_top_navigation_panel()
[INFO ] 2022-12-13 21:03:24.666 [main] Landing_Page - verify_that_contact_us_button_is_clickable_in_top_navigation_panel()
[INFO ] 2022-12-13 21:03:24.705 [main] Landing_Page - verify_that_sign_up_and_take_the_quiz_button_is_clickable_in_top_navigation_panel()
[INFO ] 2022-12-13 21:03:24.744 [main] Landing_Page - verify_that_main_flag_is_clickable_in_top_navigation_panel()
[INFO ] 2022-12-13 21:03:25.683 [main] Landing_Page - verify_that_flag_into_united_kingdom_flag_is_clickable_in_top_navigation_panel()
[INFO ] 2022-12-13 21:03:25.862 [main] Landing_Page - verify_that_flag_into_united_states_flag_is_clickable_in_top_navigation_panel()
[INFO ] 2022-12-13 21:03:25.954 [main] Landing_Page - verify_that_flag_into_canada_flag_is_clickable_in_top_navigation_panel()
[INFO ] 2022-12-13 21:03:26.060 [main] Landing_Page - verify_that_flag_into_india_flag_is_clickable_in_top_navigation_panel()
[INFO ] 2022-12-13 21:03:26.101 [main] Landing_Page - verify_that_sign_in_button_is_clickable_in_top_navigation_panel()
[INFO ] 2022-12-13 21:03:26.224 [main] Landing_Page - verify_that_sign_in_into_students_button_is_clickable_in_top_navigation_panel()
[INFO ] 2022-12-13 21:03:26.366 [main] Landing_Page - verify_that_sign_in_into_school_or_consortium_button_is_clickable_in_top_navigation_panel()
[INFO ] 2022-12-13 21:03:26.453 [main] Landing_Page - verify_that_sign_in_into_employers_button_is_clickable_in_top_navigation_panel()
[INFO ] 2022-12-13 21:03:26.552 [main] Landing_Page - verify_that_sign_in_into_college_button_is_clickable_in_top_navigation_panel()
[INFO ] 2022-12-13 21:03:26.664 [main] Landing_Page - verify_that_sign_in_into_victar_code_button_is_clickable_in_top_navigation_panel()
[INFO ] 2022-12-13 21:03:26.705 [main] Landing_Page - verify_that_firstname_user_field_is_clickable()
[INFO ] 2022-12-13 21:03:26.748 [main] Landing_Page - verify_that_lastname_user_field_is_clickable()
[INFO ] 2022-12-13 21:03:26.804 [main] Landing_Page - verify_that_sign_up_and_take_the_quiz_button_is_clickable()
[INFO ] 2022-12-13 21:03:26.840 [main] Landing_Page - verify_that_sign_in_into_students_button_is_clickable()
[INFO ] 2022-12-13 21:03:26.874 [main] Landing_Page - verify_that_sign_in_into_school_or_consortium_button_is_clickable()
[INFO ] 2022-12-13 21:03:26.908 [main] Landing_Page - verify_that_sign_in_into_employers_button_is_clickable()
[INFO ] 2022-12-13 21:03:26.942 [main] Landing_Page - verify_that_sign_in_into_college_button_is_clickable()
[INFO ] 2022-12-13 21:03:26.983 [main] Landing_Page - verify_that_sign_in_into_victar_code_button_is_clickable()
[INFO ] 2022-12-13 21:03:27.019 [main] Landing_Page - verify_that_sign_in_into_victar_code_button_is_clickable()
[INFO ] 2022-12-13 21:03:27.060 [main] Landing_Page - verify_that_im_student_lets_go_button_is_clickable()
[INFO ] 2022-12-13 21:03:27.098 [main] Landing_Page - verify_that_im_an_eductor_lets_go_button_is_clickable()
[INFO ] 2022-12-13 21:03:27.141 [main] Landing_Page - verify_that_launch_your_career_student_button_is_clickable_in_footer()
[INFO ] 2022-12-13 21:03:27.177 [main] Landing_Page - verify_that_launch_your_career_educator_button_is_clickable_in_footer()
[INFO ] 2022-12-13 21:03:27.211 [main] Landing_Page - verify_that_get_in_touch_about_us_button_is_clickable_in_footer()
[INFO ] 2022-12-13 21:03:27.246 [main] Landing_Page - verify_that_get_in_touch_conatct_us_button_is_clickable_in_footer()
[INFO ] 2022-12-13 21:03:27.280 [main] Landing_Page - verify_that_privacy_cookie_policy_button_is_clickable_in_footer()
[INFO ] 2022-12-13 21:03:27.319 [main] Landing_Page - verify_that_back_to_top_button_is_clickable_is_clickable_in_footer()
[INFO ] 2022-12-13 21:03:27.353 [main] Landing_Page - verify_that_keep_up_with_all_things_careers_facebook_button_is_clickable()
[INFO ] 2022-12-13 21:03:27.394 [main] Landing_Page - verify_that_keep_up_with_all_things_careers_twitter_button_is_clickable()
[INFO ] 2022-12-13 21:03:27.427 [main] Landing_Page - verify_that_keep_up_with_all_things_careers_instagram_button_is_clickable()
[INFO ] 2022-12-13 21:03:27.454 [main] Landing_Page - verify_that_keep_up_with_all_things_careers_linkedin_button_is_clickable()
[INFO ] 2022-12-13 21:03:39.340 [main] Landing_Page - user_is_on_the_Landing_page()
[INFO ] 2022-12-13 21:13:49.202 [main] Landing_Page - user_is_on_the_Landing_page()
[INFO ] 2022-12-13 21:13:49.263 [main] Landing_Page - verify_that_navigation_logo_button_is_clickable()
[INFO ] 2022-12-13 21:13:49.303 [main] Landing_Page - verify_that_home_button_is_clickable_in_top_navigation_panel()
[INFO ] 2022-12-13 21:13:49.343 [main] Landing_Page - verify_that_student_button_is_clickable_in_top_navigation_panel()
[INFO ] 2022-12-13 21:13:49.378 [main] Landing_Page - verify_that_eductors_button_is_clickable_in_top_navigation_panel()
[INFO ] 2022-12-13 21:13:49.413 [main] Landing_Page - verify_that_about_us_button_is_clickable_in_top_navigation_panel()
[INFO ] 2022-12-13 21:13:49.450 [main] Landing_Page - verify_that_contact_us_button_is_clickable_in_top_navigation_panel()
[INFO ] 2022-12-13 21:13:49.486 [main] Landing_Page - verify_that_sign_up_and_take_the_quiz_button_is_clickable_in_top_navigation_panel()
[INFO ] 2022-12-13 21:13:49.531 [main] Landing_Page - verify_that_main_flag_is_clickable_in_top_navigation_panel()
[INFO ] 2022-12-13 21:13:49.662 [main] Landing_Page - verify_that_flag_into_united_kingdom_flag_is_clickable_in_top_navigation_panel()
[INFO ] 2022-12-13 21:13:49.770 [main] Landing_Page - verify_that_flag_into_united_states_flag_is_clickable_in_top_navigation_panel()
[INFO ] 2022-12-13 21:13:49.863 [main] Landing_Page - verify_that_flag_into_canada_flag_is_clickable_in_top_navigation_panel()
[INFO ] 2022-12-13 21:13:49.951 [main] Landing_Page - verify_that_flag_into_india_flag_is_clickable_in_top_navigation_panel()
[INFO ] 2022-12-13 21:13:49.983 [main] Landing_Page - verify_that_sign_in_button_is_clickable_in_top_navigation_panel()
[INFO ] 2022-12-13 21:13:50.137 [main] Landing_Page - verify_that_sign_in_into_students_button_is_clickable_in_top_navigation_panel()
[INFO ] 2022-12-13 21:13:50.247 [main] Landing_Page - verify_that_sign_in_into_school_or_consortium_button_is_clickable_in_top_navigation_panel()
[INFO ] 2022-12-13 21:13:50.345 [main] Landing_Page - verify_that_sign_in_into_employers_button_is_clickable_in_top_navigation_panel()
[INFO ] 2022-12-13 21:13:50.433 [main] Landing_Page - verify_that_sign_in_into_college_button_is_clickable_in_top_navigation_panel()
[INFO ] 2022-12-13 21:13:50.519 [main] Landing_Page - verify_that_sign_in_into_victar_code_button_is_clickable_in_top_navigation_panel()
[INFO ] 2022-12-13 21:13:50.553 [main] Landing_Page - verify_that_firstname_user_field_is_clickable()
[INFO ] 2022-12-13 21:13:50.587 [main] Landing_Page - verify_that_lastname_user_field_is_clickable()
[INFO ] 2022-12-13 21:13:50.620 [main] Landing_Page - verify_that_sign_up_and_take_the_quiz_button_is_clickable()
[INFO ] 2022-12-13 21:13:50.655 [main] Landing_Page - verify_that_sign_in_into_students_button_is_clickable()
[INFO ] 2022-12-13 21:13:50.690 [main] Landing_Page - verify_that_sign_in_into_school_or_consortium_button_is_clickable()
[INFO ] 2022-12-13 21:13:50.724 [main] Landing_Page - verify_that_sign_in_into_employers_button_is_clickable()
[INFO ] 2022-12-13 21:13:50.757 [main] Landing_Page - verify_that_sign_in_into_college_button_is_clickable()
[INFO ] 2022-12-13 21:13:50.795 [main] Landing_Page - verify_that_sign_in_into_victar_code_button_is_clickable()
[INFO ] 2022-12-13 21:13:50.830 [main] Landing_Page - verify_that_sign_in_into_victar_code_button_is_clickable()
[INFO ] 2022-12-13 21:13:50.868 [main] Landing_Page - verify_that_im_student_lets_go_button_is_clickable()
[INFO ] 2022-12-13 21:13:50.901 [main] Landing_Page - verify_that_im_an_eductor_lets_go_button_is_clickable()
[INFO ] 2022-12-13 21:13:50.936 [main] Landing_Page - verify_that_launch_your_career_student_button_is_clickable_in_footer()
[INFO ] 2022-12-13 21:13:50.975 [main] Landing_Page - verify_that_launch_your_career_educator_button_is_clickable_in_footer()
[INFO ] 2022-12-13 21:13:51.014 [main] Landing_Page - verify_that_get_in_touch_about_us_button_is_clickable_in_footer()
[INFO ] 2022-12-13 21:13:51.047 [main] Landing_Page - verify_that_get_in_touch_conatct_us_button_is_clickable_in_footer()
[INFO ] 2022-12-13 21:13:51.081 [main] Landing_Page - verify_that_privacy_cookie_policy_button_is_clickable_in_footer()
[INFO ] 2022-12-13 21:13:51.120 [main] Landing_Page - verify_that_back_to_top_button_is_clickable_is_clickable_in_footer()
[INFO ] 2022-12-13 21:13:51.157 [main] Landing_Page - verify_that_keep_up_with_all_things_careers_facebook_button_is_clickable()
[INFO ] 2022-12-13 21:13:51.191 [main] Landing_Page - verify_that_keep_up_with_all_things_careers_twitter_button_is_clickable()
[INFO ] 2022-12-13 21:13:51.227 [main] Landing_Page - verify_that_keep_up_with_all_things_careers_instagram_button_is_clickable()
[INFO ] 2022-12-13 21:13:51.254 [main] Landing_Page - verify_that_keep_up_with_all_things_careers_linkedin_button_is_clickable()
[INFO ] 2022-12-13 21:14:02.214 [main] Landing_Page - user_is_on_the_Landing_page()
[INFO ] 2022-12-13 21:14:03.532 [main] Landing_Page - user_click_on_the_home_function()
[INFO ] 2022-12-13 21:14:03.555 [main] Landing_Page - verify_that_home_button_working_as_expected_something()
[INFO ] 2022-12-13 21:14:07.967 [main] Landing_Page - user_click_on_the_home_function()
[INFO ] 2022-12-13 21:17:15.280 [main] Landing_Page - user_is_on_the_Landing_page()
[INFO ] 2022-12-13 21:17:15.340 [main] Landing_Page - verify_that_navigation_logo_button_is_clickable()
[INFO ] 2022-12-13 21:17:15.378 [main] Landing_Page - verify_that_home_button_is_clickable_in_top_navigation_panel()
[INFO ] 2022-12-13 21:17:15.420 [main] Landing_Page - verify_that_student_button_is_clickable_in_top_navigation_panel()
[INFO ] 2022-12-13 21:17:15.458 [main] Landing_Page - verify_that_eductors_button_is_clickable_in_top_navigation_panel()
[INFO ] 2022-12-13 21:17:15.498 [main] Landing_Page - verify_that_about_us_button_is_clickable_in_top_navigation_panel()
[INFO ] 2022-12-13 21:17:15.542 [main] Landing_Page - verify_that_contact_us_button_is_clickable_in_top_navigation_panel()
[INFO ] 2022-12-13 21:17:15.585 [main] Landing_Page - verify_that_sign_up_and_take_the_quiz_button_is_clickable_in_top_navigation_panel()
[INFO ] 2022-12-13 21:17:15.625 [main] Landing_Page - verify_that_main_flag_is_clickable_in_top_navigation_panel()
[INFO ] 2022-12-13 21:17:15.766 [main] Landing_Page - verify_that_flag_into_united_kingdom_flag_is_clickable_in_top_navigation_panel()
[INFO ] 2022-12-13 21:17:15.875 [main] Landing_Page - verify_that_flag_into_united_states_flag_is_clickable_in_top_navigation_panel()
[INFO ] 2022-12-13 21:17:15.966 [main] Landing_Page - verify_that_flag_into_canada_flag_is_clickable_in_top_navigation_panel()
[INFO ] 2022-12-13 21:17:16.056 [main] Landing_Page - verify_that_flag_into_india_flag_is_clickable_in_top_navigation_panel()
[INFO ] 2022-12-13 21:17:16.090 [main] Landing_Page - verify_that_sign_in_button_is_clickable_in_top_navigation_panel()
[INFO ] 2022-12-13 21:17:16.221 [main] Landing_Page - verify_that_sign_in_into_students_button_is_clickable_in_top_navigation_panel()
[INFO ] 2022-12-13 21:17:16.322 [main] Landing_Page - verify_that_sign_in_into_school_or_consortium_button_is_clickable_in_top_navigation_panel()
[INFO ] 2022-12-13 21:17:16.416 [main] Landing_Page - verify_that_sign_in_into_employers_button_is_clickable_in_top_navigation_panel()
[INFO ] 2022-12-13 21:17:16.507 [main] Landing_Page - verify_that_sign_in_into_college_button_is_clickable_in_top_navigation_panel()
[INFO ] 2022-12-13 21:17:16.598 [main] Landing_Page - verify_that_sign_in_into_victar_code_button_is_clickable_in_top_navigation_panel()
[INFO ] 2022-12-13 21:17:16.640 [main] Landing_Page - verify_that_firstname_user_field_is_clickable()
[INFO ] 2022-12-13 21:17:16.674 [main] Landing_Page - verify_that_lastname_user_field_is_clickable()
[INFO ] 2022-12-13 21:17:16.709 [main] Landing_Page - verify_that_sign_up_and_take_the_quiz_button_is_clickable()
[INFO ] 2022-12-13 21:17:16.745 [main] Landing_Page - verify_that_sign_in_into_students_button_is_clickable()
[INFO ] 2022-12-13 21:17:16.788 [main] Landing_Page - verify_that_sign_in_into_school_or_consortium_button_is_clickable()
[INFO ] 2022-12-13 21:17:16.831 [main] Landing_Page - verify_that_sign_in_into_employers_button_is_clickable()
[INFO ] 2022-12-13 21:17:16.869 [main] Landing_Page - verify_that_sign_in_into_college_button_is_clickable()
[INFO ] 2022-12-13 21:17:16.905 [main] Landing_Page - verify_that_sign_in_into_victar_code_button_is_clickable()
[INFO ] 2022-12-13 21:17:16.939 [main] Landing_Page - verify_that_sign_in_into_victar_code_button_is_clickable()
[INFO ] 2022-12-13 21:17:16.974 [main] Landing_Page - verify_that_im_student_lets_go_button_is_clickable()
[INFO ] 2022-12-13 21:17:17.009 [main] Landing_Page - verify_that_im_an_eductor_lets_go_button_is_clickable()
[INFO ] 2022-12-13 21:17:17.042 [main] Landing_Page - verify_that_launch_your_career_student_button_is_clickable_in_footer()
[INFO ] 2022-12-13 21:17:17.241 [main] Landing_Page - verify_that_launch_your_career_educator_button_is_clickable_in_footer()
[INFO ] 2022-12-13 21:17:17.280 [main] Landing_Page - verify_that_get_in_touch_about_us_button_is_clickable_in_footer()
[INFO ] 2022-12-13 21:17:17.320 [main] Landing_Page - verify_that_get_in_touch_conatct_us_button_is_clickable_in_footer()
[INFO ] 2022-12-13 21:17:17.359 [main] Landing_Page - verify_that_privacy_cookie_policy_button_is_clickable_in_footer()
[INFO ] 2022-12-13 21:17:17.407 [main] Landing_Page - verify_that_back_to_top_button_is_clickable_is_clickable_in_footer()
[INFO ] 2022-12-13 21:17:17.449 [main] Landing_Page - verify_that_keep_up_with_all_things_careers_facebook_button_is_clickable()
[INFO ] 2022-12-13 21:17:17.484 [main] Landing_Page - verify_that_keep_up_with_all_things_careers_twitter_button_is_clickable()
[INFO ] 2022-12-13 21:17:17.517 [main] Landing_Page - verify_that_keep_up_with_all_things_careers_instagram_button_is_clickable()
[INFO ] 2022-12-13 21:17:17.544 [main] Landing_Page - verify_that_keep_up_with_all_things_careers_linkedin_button_is_clickable()
[INFO ] 2022-12-13 21:17:32.602 [main] Landing_Page - user_is_on_the_Landing_page()
[INFO ] 2022-12-13 21:17:34.394 [main] Landing_Page - user_click_on_the_home_function()
[INFO ] 2022-12-13 21:17:34.416 [main] Landing_Page - verify_that_home_button_working_as_expected_something()
[INFO ] 2022-12-13 21:17:41.367 [main] Landing_Page - user_click_on_the_home_function()
[INFO ] 2022-12-13 21:21:00.045 [main] Landing_Page - user_is_on_the_Landing_page()
[INFO ] 2022-12-13 21:21:00.105 [main] Landing_Page - verify_that_navigation_logo_button_is_clickable()
[INFO ] 2022-12-13 21:21:00.143 [main] Landing_Page - verify_that_home_button_is_clickable_in_top_navigation_panel()
[INFO ] 2022-12-13 21:21:00.182 [main] Landing_Page - verify_that_student_button_is_clickable_in_top_navigation_panel()
[INFO ] 2022-12-13 21:21:00.217 [main] Landing_Page - verify_that_eductors_button_is_clickable_in_top_navigation_panel()
[INFO ] 2022-12-13 21:21:00.251 [main] Landing_Page - verify_that_about_us_button_is_clickable_in_top_navigation_panel()
[INFO ] 2022-12-13 21:21:00.290 [main] Landing_Page - verify_that_contact_us_button_is_clickable_in_top_navigation_panel()
[INFO ] 2022-12-13 21:21:00.336 [main] Landing_Page - verify_that_sign_up_and_take_the_quiz_button_is_clickable_in_top_navigation_panel()
[INFO ] 2022-12-13 21:21:00.388 [main] Landing_Page - verify_that_main_flag_is_clickable_in_top_navigation_panel()
[INFO ] 2022-12-13 21:21:00.521 [main] Landing_Page - verify_that_flag_into_united_kingdom_flag_is_clickable_in_top_navigation_panel()
[INFO ] 2022-12-13 21:21:00.629 [main] Landing_Page - verify_that_flag_into_united_states_flag_is_clickable_in_top_navigation_panel()
[INFO ] 2022-12-13 21:21:00.727 [main] Landing_Page - verify_that_flag_into_canada_flag_is_clickable_in_top_navigation_panel()
[INFO ] 2022-12-13 21:21:00.814 [main] Landing_Page - verify_that_flag_into_india_flag_is_clickable_in_top_navigation_panel()
[INFO ] 2022-12-13 21:21:00.842 [main] Landing_Page - verify_that_sign_in_button_is_clickable_in_top_navigation_panel()
[INFO ] 2022-12-13 21:21:00.960 [main] Landing_Page - verify_that_sign_in_into_students_button_is_clickable_in_top_navigation_panel()
[INFO ] 2022-12-13 21:21:01.062 [main] Landing_Page - verify_that_sign_in_into_school_or_consortium_button_is_clickable_in_top_navigation_panel()
[INFO ] 2022-12-13 21:21:01.170 [main] Landing_Page - verify_that_sign_in_into_employers_button_is_clickable_in_top_navigation_panel()
[INFO ] 2022-12-13 21:21:01.258 [main] Landing_Page - verify_that_sign_in_into_college_button_is_clickable_in_top_navigation_panel()
[INFO ] 2022-12-13 21:21:01.344 [main] Landing_Page - verify_that_sign_in_into_victar_code_button_is_clickable_in_top_navigation_panel()
[INFO ] 2022-12-13 21:21:01.378 [main] Landing_Page - verify_that_firstname_user_field_is_clickable()
[INFO ] 2022-12-13 21:21:01.413 [main] Landing_Page - verify_that_lastname_user_field_is_clickable()
[INFO ] 2022-12-13 21:21:01.447 [main] Landing_Page - verify_that_sign_up_and_take_the_quiz_button_is_clickable()
[INFO ] 2022-12-13 21:21:01.482 [main] Landing_Page - verify_that_sign_in_into_students_button_is_clickable()
[INFO ] 2022-12-13 21:21:01.515 [main] Landing_Page - verify_that_sign_in_into_school_or_consortium_button_is_clickable()
[INFO ] 2022-12-13 21:21:01.549 [main] Landing_Page - verify_that_sign_in_into_employers_button_is_clickable()
[INFO ] 2022-12-13 21:21:01.582 [main] Landing_Page - verify_that_sign_in_into_college_button_is_clickable()
[INFO ] 2022-12-13 21:21:01.620 [main] Landing_Page - verify_that_sign_in_into_victar_code_button_is_clickable()
[INFO ] 2022-12-13 21:21:01.654 [main] Landing_Page - verify_that_sign_in_into_victar_code_button_is_clickable()
[INFO ] 2022-12-13 21:21:01.689 [main] Landing_Page - verify_that_im_student_lets_go_button_is_clickable()
[INFO ] 2022-12-13 21:21:01.727 [main] Landing_Page - verify_that_im_an_eductor_lets_go_button_is_clickable()
[INFO ] 2022-12-13 21:21:01.768 [main] Landing_Page - verify_that_launch_your_career_student_button_is_clickable_in_footer()
[INFO ] 2022-12-13 21:21:01.801 [main] Landing_Page - verify_that_launch_your_career_educator_button_is_clickable_in_footer()
[INFO ] 2022-12-13 21:21:01.836 [main] Landing_Page - verify_that_get_in_touch_about_us_button_is_clickable_in_footer()
[INFO ] 2022-12-13 21:21:01.868 [main] Landing_Page - verify_that_get_in_touch_conatct_us_button_is_clickable_in_footer()
[INFO ] 2022-12-13 21:21:01.904 [main] Landing_Page - verify_that_privacy_cookie_policy_button_is_clickable_in_footer()
[INFO ] 2022-12-13 21:21:01.938 [main] Landing_Page - verify_that_back_to_top_button_is_clickable_is_clickable_in_footer()
[INFO ] 2022-12-13 21:21:01.975 [main] Landing_Page - verify_that_keep_up_with_all_things_careers_facebook_button_is_clickable()
[INFO ] 2022-12-13 21:21:02.007 [main] Landing_Page - verify_that_keep_up_with_all_things_careers_twitter_button_is_clickable()
[INFO ] 2022-12-13 21:21:02.045 [main] Landing_Page - verify_that_keep_up_with_all_things_careers_instagram_button_is_clickable()
[INFO ] 2022-12-13 21:21:02.071 [main] Landing_Page - verify_that_keep_up_with_all_things_careers_linkedin_button_is_clickable()
[INFO ] 2022-12-13 21:21:13.483 [main] Landing_Page - user_is_on_the_Landing_page()
[INFO ] 2022-12-13 21:21:16.091 [main] Landing_Page - user_click_on_the_home_function()
[INFO ] 2022-12-13 21:21:16.174 [main] Landing_Page - verify_that_home_button_working_as_expected_something()
[INFO ] 2022-12-13 21:21:24.162 [main] Landing_Page - user_click_on_the_home_function()
[INFO ] 2022-12-13 21:22:15.025 [main] Landing_Page - user_is_on_the_Landing_page()
[INFO ] 2022-12-13 21:22:15.094 [main] Landing_Page - verify_that_navigation_logo_button_is_clickable()
[INFO ] 2022-12-13 21:22:15.148 [main] Landing_Page - verify_that_home_button_is_clickable_in_top_navigation_panel()
[INFO ] 2022-12-13 21:22:15.197 [main] Landing_Page - verify_that_student_button_is_clickable_in_top_navigation_panel()
[INFO ] 2022-12-13 21:22:15.245 [main] Landing_Page - verify_that_eductors_button_is_clickable_in_top_navigation_panel()
[INFO ] 2022-12-13 21:22:15.290 [main] Landing_Page - verify_that_about_us_button_is_clickable_in_top_navigation_panel()
[INFO ] 2022-12-13 21:22:15.348 [main] Landing_Page - verify_that_contact_us_button_is_clickable_in_top_navigation_panel()
[INFO ] 2022-12-13 21:22:15.396 [main] Landing_Page - verify_that_sign_up_and_take_the_quiz_button_is_clickable_in_top_navigation_panel()
[INFO ] 2022-12-13 21:22:15.434 [main] Landing_Page - verify_that_main_flag_is_clickable_in_top_navigation_panel()
[INFO ] 2022-12-13 21:22:15.566 [main] Landing_Page - verify_that_flag_into_united_kingdom_flag_is_clickable_in_top_navigation_panel()
[INFO ] 2022-12-13 21:22:15.677 [main] Landing_Page - verify_that_flag_into_united_states_flag_is_clickable_in_top_navigation_panel()
[INFO ] 2022-12-13 21:22:15.771 [main] Landing_Page - verify_that_flag_into_canada_flag_is_clickable_in_top_navigation_panel()
[INFO ] 2022-12-13 21:22:15.857 [main] Landing_Page - verify_that_flag_into_india_flag_is_clickable_in_top_navigation_panel()
[INFO ] 2022-12-13 21:22:15.884 [main] Landing_Page - verify_that_sign_in_button_is_clickable_in_top_navigation_panel()
[INFO ] 2022-12-13 21:22:16.001 [main] Landing_Page - verify_that_sign_in_into_students_button_is_clickable_in_top_navigation_panel()
[INFO ] 2022-12-13 21:22:16.090 [main] Landing_Page - verify_that_sign_in_into_school_or_consortium_button_is_clickable_in_top_navigation_panel()
[INFO ] 2022-12-13 21:22:16.181 [main] Landing_Page - verify_that_sign_in_into_employers_button_is_clickable_in_top_navigation_panel()
[INFO ] 2022-12-13 21:22:16.266 [main] Landing_Page - verify_that_sign_in_into_college_button_is_clickable_in_top_navigation_panel()
[INFO ] 2022-12-13 21:22:16.358 [main] Landing_Page - verify_that_sign_in_into_victar_code_button_is_clickable_in_top_navigation_panel()
[INFO ] 2022-12-13 21:22:16.392 [main] Landing_Page - verify_that_firstname_user_field_is_clickable()
[INFO ] 2022-12-13 21:22:16.425 [main] Landing_Page - verify_that_lastname_user_field_is_clickable()
[INFO ] 2022-12-13 21:22:16.458 [main] Landing_Page - verify_that_sign_up_and_take_the_quiz_button_is_clickable()
[INFO ] 2022-12-13 21:22:16.494 [main] Landing_Page - verify_that_sign_in_into_students_button_is_clickable()
[INFO ] 2022-12-13 21:22:16.530 [main] Landing_Page - verify_that_sign_in_into_school_or_consortium_button_is_clickable()
[INFO ] 2022-12-13 21:22:16.566 [main] Landing_Page - verify_that_sign_in_into_employers_button_is_clickable()
[INFO ] 2022-12-13 21:22:16.603 [main] Landing_Page - verify_that_sign_in_into_college_button_is_clickable()
[INFO ] 2022-12-13 21:22:16.643 [main] Landing_Page - verify_that_sign_in_into_victar_code_button_is_clickable()
[INFO ] 2022-12-13 21:22:16.681 [main] Landing_Page - verify_that_sign_in_into_victar_code_button_is_clickable()
[INFO ] 2022-12-13 21:22:16.724 [main] Landing_Page - verify_that_im_student_lets_go_button_is_clickable()
[INFO ] 2022-12-13 21:22:16.767 [main] Landing_Page - verify_that_im_an_eductor_lets_go_button_is_clickable()
[INFO ] 2022-12-13 21:22:16.821 [main] Landing_Page - verify_that_launch_your_career_student_button_is_clickable_in_footer()
[INFO ] 2022-12-13 21:22:16.891 [main] Landing_Page - verify_that_launch_your_career_educator_button_is_clickable_in_footer()
[INFO ] 2022-12-13 21:22:16.933 [main] Landing_Page - verify_that_get_in_touch_about_us_button_is_clickable_in_footer()
[INFO ] 2022-12-13 21:22:16.974 [main] Landing_Page - verify_that_get_in_touch_conatct_us_button_is_clickable_in_footer()
[INFO ] 2022-12-13 21:22:17.015 [main] Landing_Page - verify_that_privacy_cookie_policy_button_is_clickable_in_footer()
[INFO ] 2022-12-13 21:22:17.060 [main] Landing_Page - verify_that_back_to_top_button_is_clickable_is_clickable_in_footer()
[INFO ] 2022-12-13 21:22:17.102 [main] Landing_Page - verify_that_keep_up_with_all_things_careers_facebook_button_is_clickable()
[INFO ] 2022-12-13 21:22:17.156 [main] Landing_Page - verify_that_keep_up_with_all_things_careers_twitter_button_is_clickable()
[INFO ] 2022-12-13 21:22:17.203 [main] Landing_Page - verify_that_keep_up_with_all_things_careers_instagram_button_is_clickable()
[INFO ] 2022-12-13 21:22:17.237 [main] Landing_Page - verify_that_keep_up_with_all_things_careers_linkedin_button_is_clickable()
[INFO ] 2022-12-13 21:22:28.179 [main] Landing_Page - user_is_on_the_Landing_page()
[INFO ] 2022-12-13 21:22:29.620 [main] Landing_Page - user_click_on_the_home_function()
[INFO ] 2022-12-13 21:22:29.635 [main] Landing_Page - verify_that_home_button_working_as_expected_something()
[INFO ] 2022-12-13 21:22:34.474 [main] Landing_Page - user_click_on_the_home_function()
[INFO ] 2022-12-13 21:22:34.490 [main] Landing_Page - verify_that_students_button_working_as_expected_something()
